# JRE version: OpenJDK Runtime Environment (8.0_152-b03) (build 1.8.0_152-release-1136-b03)
# Java VM: OpenJDK 64-Bit Server VM (25.152-b03 mixed mode linux-amd64 compressed oops)
Heap:
 PSYoungGen      total 340992K, used 12237K [0x00000000e0000000, 0x00000000f8e80000, 0x0000000100000000)
  eden space 297984K, 4% used [0x00000000e0000000,0x00000000e0bf3410,0x00000000f2300000)
  from space 43008K, 0% used [0x00000000f2300000,0x00000000f2300000,0x00000000f4d00000)
  to   space 44544K, 0% used [0x00000000f6300000,0x00000000f6300000,0x00000000f8e80000)
 ParOldGen       total 243200K, used 61518K [0x00000000a0000000, 0x00000000aed80000, 0x00000000e0000000)
  object space 243200K, 25% used [0x00000000a0000000,0x00000000a3c138d0,0x00000000aed80000)
 Metaspace       used 93045K, capacity 98372K, committed 98604K, reserved 1134592K
  class space    used 11611K, capacity 12633K, committed 12672K, reserved 1048576K
GC Heap History (10 events):
Event: 4195.561 GC heap before
{Heap before GC invocations=37 (full 3):
 PSYoungGen      total 302080K, used 281733K [0x00000000e0000000, 0x00000000f6100000, 0x0000000100000000)
  eden space 257536K, 100% used [0x00000000e0000000,0x00000000efb80000,0x00000000efb80000)
  from space 44544K, 54% used [0x00000000efb80000,0x00000000f13217d8,0x00000000f2700000)
  to   space 43520K, 0% used [0x00000000f3680000,0x00000000f3680000,0x00000000f6100000)
 ParOldGen       total 165888K, used 93101K [0x00000000a0000000, 0x00000000aa200000, 0x00000000e0000000)
  object space 165888K, 56% used [0x00000000a0000000,0x00000000a5aeb440,0x00000000aa200000)
 Metaspace       used 92478K, capacity 97136K, committed 97280K, reserved 1134592K
  class space    used 11536K, capacity 12469K, committed 12544K, reserved 1048576K
Event: 4195.598 GC heap after
Heap after GC invocations=37 (full 3):
 PSYoungGen      total 317952K, used 17802K [0x00000000e0000000, 0x00000000f6500000, 0x0000000100000000)
  eden space 274432K, 0% used [0x00000000e0000000,0x00000000e0000000,0x00000000f0c00000)
  from space 43520K, 40% used [0x00000000f3680000,0x00000000f47e2848,0x00000000f6100000)
  to   space 43520K, 0% used [0x00000000f0c00000,0x00000000f0c00000,0x00000000f3680000)
 ParOldGen       total 165888K, used 104795K [0x00000000a0000000, 0x00000000aa200000, 0x00000000e0000000)
  object space 165888K, 63% used [0x00000000a0000000,0x00000000a6656e78,0x00000000aa200000)
 Metaspace       used 92478K, capacity 97136K, committed 97280K, reserved 1134592K
  class space    used 11536K, capacity 12469K, committed 12544K, reserved 1048576K
}
Event: 4196.933 GC heap before
{Heap before GC invocations=38 (full 3):
 PSYoungGen      total 317952K, used 292234K [0x00000000e0000000, 0x00000000f6500000, 0x0000000100000000)
  eden space 274432K, 100% used [0x00000000e0000000,0x00000000f0c00000,0x00000000f0c00000)
  from space 43520K, 40% used [0x00000000f3680000,0x00000000f47e2848,0x00000000f6100000)
  to   space 43520K, 0% used [0x00000000f0c00000,0x00000000f0c00000,0x00000000f3680000)
 ParOldGen       total 165888K, used 104795K [0x00000000a0000000, 0x00000000aa200000, 0x00000000e0000000)
  object space 165888K, 63% used [0x00000000a0000000,0x00000000a6656e78,0x00000000aa200000)
 Metaspace       used 92700K, capacity 97384K, committed 97536K, reserved 1134592K
  class space    used 11541K, capacity 12501K, committed 12544K, reserved 1048576K
Event: 4196.974 GC heap after
Heap after GC invocations=38 (full 3):
 PSYoungGen      total 317952K, used 21544K [0x00000000e0000000, 0x00000000f7780000, 0x0000000100000000)
  eden space 274432K, 0% used [0x00000000e0000000,0x00000000e0000000,0x00000000f0c00000)
  from space 43520K, 49% used [0x00000000f0c00000,0x00000000f210a050,0x00000000f3680000)
  to   space 42496K, 0% used [0x00000000f4e00000,0x00000000f4e00000,0x00000000f7780000)
 ParOldGen       total 165888K, used 106675K [0x00000000a0000000, 0x00000000aa200000, 0x00000000e0000000)
  object space 165888K, 64% used [0x00000000a0000000,0x00000000a682cc10,0x00000000aa200000)
 Metaspace       used 92700K, capacity 97384K, committed 97536K, reserved 1134592K
  class space    used 11541K, capacity 12501K, committed 12544K, reserved 1048576K
}
Event: 4199.002 GC heap before
{Heap before GC invocations=39 (full 3):
 PSYoungGen      total 317952K, used 295976K [0x00000000e0000000, 0x00000000f7780000, 0x0000000100000000)
  eden space 274432K, 100% used [0x00000000e0000000,0x00000000f0c00000,0x00000000f0c00000)
  from space 43520K, 49% used [0x00000000f0c00000,0x00000000f210a050,0x00000000f3680000)
  to   space 42496K, 0% used [0x00000000f4e00000,0x00000000f4e00000,0x00000000f7780000)
 ParOldGen       total 165888K, used 106675K [0x00000000a0000000, 0x00000000aa200000, 0x00000000e0000000)
  object space 165888K, 64% used [0x00000000a0000000,0x00000000a682cc10,0x00000000aa200000)
 Metaspace       used 92831K, capacity 97552K, committed 97792K, reserved 1134592K
  class space    used 11546K, capacity 12505K, committed 12544K, reserved 1048576K
Event: 4199.031 GC heap after
Heap after GC invocations=39 (full 3):
 PSYoungGen      total 339968K, used 12940K [0x00000000e0000000, 0x00000000f7700000, 0x0000000100000000)
  eden space 297984K, 0% used [0x00000000e0000000,0x00000000e0000000,0x00000000f2300000)
  from space 41984K, 30% used [0x00000000f4e00000,0x00000000f5aa3098,0x00000000f7700000)
  to   space 43008K, 0% used [0x00000000f2300000,0x00000000f2300000,0x00000000f4d00000)
 ParOldGen       total 165888K, used 106707K [0x00000000a0000000, 0x00000000aa200000, 0x00000000e0000000)
  object space 165888K, 64% used [0x00000000a0000000,0x00000000a6834c10,0x00000000aa200000)
 Metaspace       used 92831K, capacity 97552K, committed 97792K, reserved 1134592K
  class space    used 11546K, capacity 12505K, committed 12544K, reserved 1048576K
}
Event: 4367.482 GC heap before
{Heap before GC invocations=40 (full 3):
 PSYoungGen      total 339968K, used 129210K [0x00000000e0000000, 0x00000000f7700000, 0x0000000100000000)
  eden space 297984K, 39% used [0x00000000e0000000,0x00000000e718b7f8,0x00000000f2300000)
  from space 41984K, 30% used [0x00000000f4e00000,0x00000000f5aa3098,0x00000000f7700000)
  to   space 43008K, 0% used [0x00000000f2300000,0x00000000f2300000,0x00000000f4d00000)
 ParOldGen       total 165888K, used 106707K [0x00000000a0000000, 0x00000000aa200000, 0x00000000e0000000)
  object space 165888K, 64% used [0x00000000a0000000,0x00000000a6834c10,0x00000000aa200000)
 Metaspace       used 93191K, capacity 98292K, committed 98348K, reserved 1134592K
  class space    used 11607K, capacity 12619K, committed 12672K, reserved 1048576K
Event: 4367.497 GC heap after
Heap after GC invocations=40 (full 3):
 PSYoungGen      total 340992K, used 6831K [0x00000000e0000000, 0x00000000f8e80000, 0x0000000100000000)
  eden space 297984K, 0% used [0x00000000e0000000,0x00000000e0000000,0x00000000f2300000)
  from space 43008K, 15% used [0x00000000f2300000,0x00000000f29abc78,0x00000000f4d00000)
  to   space 44544K, 0% used [0x00000000f6300000,0x00000000f6300000,0x00000000f8e80000)
 ParOldGen       total 165888K, used 106747K [0x00000000a0000000, 0x00000000aa200000, 0x00000000e0000000)
  object space 165888K, 64% used [0x00000000a0000000,0x00000000a683ec10,0x00000000aa200000)
 Metaspace       used 93191K, capacity 98292K, committed 98348K, reserved 1134592K
  class space    used 11607K, capacity 12619K, committed 12672K, reserved 1048576K
}
Event: 4367.497 GC heap before
{Heap before GC invocations=41 (full 4):
 PSYoungGen      total 340992K, used 6831K [0x00000000e0000000, 0x00000000f8e80000, 0x0000000100000000)
  eden space 297984K, 0% used [0x00000000e0000000,0x00000000e0000000,0x00000000f2300000)
  from space 43008K, 15% used [0x00000000f2300000,0x00000000f29abc78,0x00000000f4d00000)
  to   space 44544K, 0% used [0x00000000f6300000,0x00000000f6300000,0x00000000f8e80000)
 ParOldGen       total 165888K, used 106747K [0x00000000a0000000, 0x00000000aa200000, 0x00000000e0000000)
  object space 165888K, 64% used [0x00000000a0000000,0x00000000a683ec10,0x00000000aa200000)
 Metaspace       used 93191K, capacity 98292K, committed 98348K, reserved 1134592K
  class space    used 11607K, capacity 12619K, committed 12672K, reserved 1048576K
Event: 4367.936 GC heap after
Heap after GC invocations=41 (full 4):
 PSYoungGen      total 340992K, used 0K [0x00000000e0000000, 0x00000000f8e80000, 0x0000000100000000)
  eden space 297984K, 0% used [0x00000000e0000000,0x00000000e0000000,0x00000000f2300000)
  from space 43008K, 0% used [0x00000000f2300000,0x00000000f2300000,0x00000000f4d00000)
  to   space 44544K, 0% used [0x00000000f6300000,0x00000000f6300000,0x00000000f8e80000)
 ParOldGen       total 243200K, used 61518K [0x00000000a0000000, 0x00000000aed80000, 0x00000000e0000000)
  object space 243200K, 25% used [0x00000000a0000000,0x00000000a3c138d0,0x00000000aed80000)
 Metaspace       used 92670K, capacity 97522K, committed 98348K, reserved 1134592K
  class space    used 11534K, capacity 12492K, committed 12672K, reserved 1048576K
}

