# JRE version: OpenJDK Runtime Environment (8.0_152-b03) (build 1.8.0_152-release-1136-b03)
# Java VM: OpenJDK 64-Bit Server VM (25.152-b03 mixed mode linux-amd64 compressed oops)
Heap:
 PSYoungGen      total 482816K, used 194940K [0x00000000e0000000, 0x0000000100000000, 0x0000000100000000)
  eden space 447488K, 36% used [0x00000000e0000000,0x00000000e9e0bfe8,0x00000000fb500000)
  from space 35328K, 93% used [0x00000000fdd80000,0x00000000ffdd33c8,0x0000000100000000)
  to   space 38400K, 0% used [0x00000000fb500000,0x00000000fb500000,0x00000000fda80000)
 ParOldGen       total 172544K, used 79010K [0x00000000a0000000, 0x00000000aa880000, 0x00000000e0000000)
  object space 172544K, 45% used [0x00000000a0000000,0x00000000a4d289b0,0x00000000aa880000)
 Metaspace       used 94077K, capacity 100288K, committed 100812K, reserved 1136640K
  class space    used 11430K, capacity 12583K, committed 12800K, reserved 1048576K
GC Heap History (10 events):
Event: 7194.551 GC heap before
{Heap before GC invocations=86 (full 4):
 PSYoungGen      total 491008K, used 477664K [0x00000000e0000000, 0x00000000ffd00000, 0x0000000100000000)
  eden space 460800K, 100% used [0x00000000e0000000,0x00000000fc200000,0x00000000fc200000)
  from space 30208K, 55% used [0x00000000fc200000,0x00000000fd278188,0x00000000fdf80000)
  to   space 29184K, 0% used [0x00000000fe080000,0x00000000fe080000,0x00000000ffd00000)
 ParOldGen       total 172544K, used 71813K [0x00000000a0000000, 0x00000000aa880000, 0x00000000e0000000)
  object space 172544K, 41% used [0x00000000a0000000,0x00000000a46215c8,0x00000000aa880000)
 Metaspace       used 93886K, capacity 100088K, committed 100812K, reserved 1136640K
  class space    used 11427K, capacity 12583K, committed 12800K, reserved 1048576K
Event: 7194.570 GC heap after
Heap after GC invocations=86 (full 4):
 PSYoungGen      total 493056K, used 16912K [0x00000000e0000000, 0x00000000ffd00000, 0x0000000100000000)
  eden space 463872K, 0% used [0x00000000e0000000,0x00000000e0000000,0x00000000fc500000)
  from space 29184K, 57% used [0x00000000fe080000,0x00000000ff1043f0,0x00000000ffd00000)
  to   space 28160K, 0% used [0x00000000fc500000,0x00000000fc500000,0x00000000fe080000)
 ParOldGen       total 172544K, used 71933K [0x00000000a0000000, 0x00000000aa880000, 0x00000000e0000000)
  object space 172544K, 41% used [0x00000000a0000000,0x00000000a463f5c8,0x00000000aa880000)
 Metaspace       used 93886K, capacity 100088K, committed 100812K, reserved 1136640K
  class space    used 11427K, capacity 12583K, committed 12800K, reserved 1048576K
}
Event: 8133.126 GC heap before
{Heap before GC invocations=87 (full 4):
 PSYoungGen      total 493056K, used 480784K [0x00000000e0000000, 0x00000000ffd00000, 0x0000000100000000)
  eden space 463872K, 100% used [0x00000000e0000000,0x00000000fc500000,0x00000000fc500000)
  from space 29184K, 57% used [0x00000000fe080000,0x00000000ff1043f0,0x00000000ffd00000)
  to   space 28160K, 0% used [0x00000000fc500000,0x00000000fc500000,0x00000000fe080000)
 ParOldGen       total 172544K, used 71933K [0x00000000a0000000, 0x00000000aa880000, 0x00000000e0000000)
  object space 172544K, 41% used [0x00000000a0000000,0x00000000a463f5c8,0x00000000aa880000)
 Metaspace       used 93936K, capacity 100152K, committed 100812K, reserved 1136640K
  class space    used 11430K, capacity 12583K, committed 12800K, reserved 1048576K
Event: 8133.191 GC heap after
Heap after GC invocations=87 (full 4):
 PSYoungGen      total 492032K, used 28134K [0x00000000e0000000, 0x0000000100000000, 0x0000000100000000)
  eden space 463872K, 0% used [0x00000000e0000000,0x00000000e0000000,0x00000000fc500000)
  from space 28160K, 99% used [0x00000000fc500000,0x00000000fe079a38,0x00000000fe080000)
  to   space 32256K, 0% used [0x00000000fe080000,0x00000000fe080000,0x0000000100000000)
 ParOldGen       total 172544K, used 76784K [0x00000000a0000000, 0x00000000aa880000, 0x00000000e0000000)
  object space 172544K, 44% used [0x00000000a0000000,0x00000000a4afc1d0,0x00000000aa880000)
 Metaspace       used 93936K, capacity 100152K, committed 100812K, reserved 1136640K
  class space    used 11430K, capacity 12583K, committed 12800K, reserved 1048576K
}
Event: 8135.204 GC heap before
{Heap before GC invocations=88 (full 4):
 PSYoungGen      total 492032K, used 492006K [0x00000000e0000000, 0x0000000100000000, 0x0000000100000000)
  eden space 463872K, 100% used [0x00000000e0000000,0x00000000fc500000,0x00000000fc500000)
  from space 28160K, 99% used [0x00000000fc500000,0x00000000fe079a38,0x00000000fe080000)
  to   space 32256K, 0% used [0x00000000fe080000,0x00000000fe080000,0x0000000100000000)
 ParOldGen       total 172544K, used 76784K [0x00000000a0000000, 0x00000000aa880000, 0x00000000e0000000)
  object space 172544K, 44% used [0x00000000a0000000,0x00000000a4afc1d0,0x00000000aa880000)
 Metaspace       used 93960K, capacity 100216K, committed 100812K, reserved 1136640K
  class space    used 11430K, capacity 12583K, committed 12800K, reserved 1048576K
Event: 8135.231 GC heap after
Heap after GC invocations=88 (full 4):
 PSYoungGen      total 489984K, used 24494K [0x00000000e0000000, 0x0000000100000000, 0x0000000100000000)
  eden space 457728K, 0% used [0x00000000e0000000,0x00000000e0000000,0x00000000fbf00000)
  from space 32256K, 75% used [0x00000000fe080000,0x00000000ff86b8f0,0x0000000100000000)
  to   space 33280K, 0% used [0x00000000fbf00000,0x00000000fbf00000,0x00000000fdf80000)
 ParOldGen       total 172544K, used 76840K [0x00000000a0000000, 0x00000000aa880000, 0x00000000e0000000)
  object space 172544K, 44% used [0x00000000a0000000,0x00000000a4b0a1e0,0x00000000aa880000)
 Metaspace       used 93960K, capacity 100216K, committed 100812K, reserved 1136640K
  class space    used 11430K, capacity 12583K, committed 12800K, reserved 1048576K
}
Event: 8137.722 GC heap before
{Heap before GC invocations=89 (full 4):
 PSYoungGen      total 489984K, used 481817K [0x00000000e0000000, 0x0000000100000000, 0x0000000100000000)
  eden space 457728K, 99% used [0x00000000e0000000,0x00000000fbe9ab60,0x00000000fbf00000)
  from space 32256K, 75% used [0x00000000fe080000,0x00000000ff86b8f0,0x0000000100000000)
  to   space 33280K, 0% used [0x00000000fbf00000,0x00000000fbf00000,0x00000000fdf80000)
 ParOldGen       total 172544K, used 78888K [0x00000000a0000000, 0x00000000aa880000, 0x00000000e0000000)
  object space 172544K, 45% used [0x00000000a0000000,0x00000000a4d0a200,0x00000000aa880000)
 Metaspace       used 94045K, capacity 100288K, committed 100812K, reserved 1136640K
  class space    used 11430K, capacity 12583K, committed 12800K, reserved 1048576K
Event: 8137.764 GC heap after
Heap after GC invocations=89 (full 4):
 PSYoungGen      total 486912K, used 28846K [0x00000000e0000000, 0x0000000100000000, 0x0000000100000000)
  eden space 457728K, 0% used [0x00000000e0000000,0x00000000e0000000,0x00000000fbf00000)
  from space 29184K, 98% used [0x00000000fbf00000,0x00000000fdb2ba20,0x00000000fdb80000)
  to   space 35328K, 0% used [0x00000000fdd80000,0x00000000fdd80000,0x0000000100000000)
 ParOldGen       total 172544K, used 78888K [0x00000000a0000000, 0x00000000aa880000, 0x00000000e0000000)
  object space 172544K, 45% used [0x00000000a0000000,0x00000000a4d0a200,0x00000000aa880000)
 Metaspace       used 94045K, capacity 100288K, committed 100812K, reserved 1136640K
  class space    used 11430K, capacity 12583K, committed 12800K, reserved 1048576K
}
Event: 8299.736 GC heap before
{Heap before GC invocations=90 (full 4):
 PSYoungGen      total 486912K, used 486574K [0x00000000e0000000, 0x0000000100000000, 0x0000000100000000)
  eden space 457728K, 100% used [0x00000000e0000000,0x00000000fbf00000,0x00000000fbf00000)
  from space 29184K, 98% used [0x00000000fbf00000,0x00000000fdb2ba20,0x00000000fdb80000)
  to   space 35328K, 0% used [0x00000000fdd80000,0x00000000fdd80000,0x0000000100000000)
 ParOldGen       total 172544K, used 78890K [0x00000000a0000000, 0x00000000aa880000, 0x00000000e0000000)
  object space 172544K, 45% used [0x00000000a0000000,0x00000000a4d0a9b0,0x00000000aa880000)
 Metaspace       used 94077K, capacity 100288K, committed 100812K, reserved 1136640K
  class space    used 11430K, capacity 12583K, committed 12800K, reserved 1048576K
Event: 8299.800 GC heap after
Heap after GC invocations=90 (full 4):
 PSYoungGen      total 482816K, used 33100K [0x00000000e0000000, 0x0000000100000000, 0x0000000100000000)
  eden space 447488K, 0% used [0x00000000e0000000,0x00000000e0000000,0x00000000fb500000)
  from space 35328K, 93% used [0x00000000fdd80000,0x00000000ffdd33c8,0x0000000100000000)
  to   space 38400K, 0% used [0x00000000fb500000,0x00000000fb500000,0x00000000fda80000)
 ParOldGen       total 172544K, used 79010K [0x00000000a0000000, 0x00000000aa880000, 0x00000000e0000000)
  object space 172544K, 45% used [0x00000000a0000000,0x00000000a4d289b0,0x00000000aa880000)
 Metaspace       used 94077K, capacity 100288K, committed 100812K, reserved 1136640K
  class space    used 11430K, capacity 12583K, committed 12800K, reserved 1048576K
}

