# JRE version: OpenJDK Runtime Environment (8.0_152-b01) (build 1.8.0_152-release-915-b01)
# Java VM: OpenJDK 64-Bit Server VM (25.152-b01 mixed mode linux-amd64 compressed oops)
Heap:
 PSYoungGen      total 472576K, used 24201K [0x00000000e0000000, 0x0000000100000000, 0x0000000100000000)
  eden space 430080K, 0% used [0x00000000e0000000,0x00000000e0000000,0x00000000fa400000)
  from space 42496K, 56% used [0x00000000fd680000,0x00000000fee224a0,0x0000000100000000)
  to   space 47104K, 0% used [0x00000000fa400000,0x00000000fa400000,0x00000000fd200000)
 ParOldGen       total 308736K, used 294802K [0x00000000a0000000, 0x00000000b2d80000, 0x00000000e0000000)
  object space 308736K, 95% used [0x00000000a0000000,0x00000000b1fe4808,0x00000000b2d80000)
 Metaspace       used 106428K, capacity 131938K, committed 132056K, reserved 1159168K
  class space    used 14050K, capacity 21675K, committed 21760K, reserved 1048576K
GC Heap History (10 events):
Event: 67425.162 GC heap after
Heap after GC invocations=223 (full 5):
 PSYoungGen      total 479744K, used 30488K [0x00000000e0000000, 0x00000000ffd00000, 0x0000000100000000)
  eden space 437760K, 0% used [0x00000000e0000000,0x00000000e0000000,0x00000000fab80000)
  from space 41984K, 72% used [0x00000000fd400000,0x00000000ff1c6300,0x00000000ffd00000)
  to   space 41472K, 0% used [0x00000000fab80000,0x00000000fab80000,0x00000000fd400000)
 ParOldGen       total 308736K, used 263826K [0x00000000a0000000, 0x00000000b2d80000, 0x00000000e0000000)
  object space 308736K, 85% used [0x00000000a0000000,0x00000000b01a4808,0x00000000b2d80000)
 Metaspace       used 106157K, capacity 131348K, committed 131672K, reserved 1159168K
  class space    used 13999K, capacity 21527K, committed 21632K, reserved 1048576K
}
Event: 69192.437 GC heap before
{Heap before GC invocations=224 (full 5):
 PSYoungGen      total 479744K, used 468248K [0x00000000e0000000, 0x00000000ffd00000, 0x0000000100000000)
  eden space 437760K, 100% used [0x00000000e0000000,0x00000000fab80000,0x00000000fab80000)
  from space 41984K, 72% used [0x00000000fd400000,0x00000000ff1c6300,0x00000000ffd00000)
  to   space 41472K, 0% used [0x00000000fab80000,0x00000000fab80000,0x00000000fd400000)
 ParOldGen       total 308736K, used 263826K [0x00000000a0000000, 0x00000000b2d80000, 0x00000000e0000000)
  object space 308736K, 85% used [0x00000000a0000000,0x00000000b01a4808,0x00000000b2d80000)
 Metaspace       used 106199K, capacity 131472K, committed 131672K, reserved 1159168K
  class space    used 14010K, capacity 21567K, committed 21632K, reserved 1048576K
Event: 69195.032 GC heap after
Heap after GC invocations=224 (full 5):
 PSYoungGen      total 479232K, used 30792K [0x00000000e0000000, 0x00000000ffe80000, 0x0000000100000000)
  eden space 437760K, 0% used [0x00000000e0000000,0x00000000e0000000,0x00000000fab80000)
  from space 41472K, 74% used [0x00000000fab80000,0x00000000fc9922f0,0x00000000fd400000)
  to   space 40960K, 0% used [0x00000000fd680000,0x00000000fd680000,0x00000000ffe80000)
 ParOldGen       total 308736K, used 263882K [0x00000000a0000000, 0x00000000b2d80000, 0x00000000e0000000)
  object space 308736K, 85% used [0x00000000a0000000,0x00000000b01b2808,0x00000000b2d80000)
 Metaspace       used 106199K, capacity 131472K, committed 131672K, reserved 1159168K
  class space    used 14010K, capacity 21567K, committed 21632K, reserved 1048576K
}
Event: 71684.529 GC heap before
{Heap before GC invocations=225 (full 5):
 PSYoungGen      total 479232K, used 468552K [0x00000000e0000000, 0x00000000ffe80000, 0x0000000100000000)
  eden space 437760K, 100% used [0x00000000e0000000,0x00000000fab80000,0x00000000fab80000)
  from space 41472K, 74% used [0x00000000fab80000,0x00000000fc9922f0,0x00000000fd400000)
  to   space 40960K, 0% used [0x00000000fd680000,0x00000000fd680000,0x00000000ffe80000)
 ParOldGen       total 308736K, used 263882K [0x00000000a0000000, 0x00000000b2d80000, 0x00000000e0000000)
  object space 308736K, 85% used [0x00000000a0000000,0x00000000b01b2808,0x00000000b2d80000)
 Metaspace       used 106238K, capacity 131592K, committed 131672K, reserved 1159168K
  class space    used 14022K, capacity 21607K, committed 21632K, reserved 1048576K
Event: 71684.578 GC heap after
Heap after GC invocations=225 (full 5):
 PSYoungGen      total 481792K, used 28744K [0x00000000e0000000, 0x00000000ffd80000, 0x0000000100000000)
  eden space 441856K, 0% used [0x00000000e0000000,0x00000000e0000000,0x00000000faf80000)
  from space 39936K, 71% used [0x00000000fd680000,0x00000000ff292368,0x00000000ffd80000)
  to   space 39936K, 0% used [0x00000000faf80000,0x00000000faf80000,0x00000000fd680000)
 ParOldGen       total 308736K, used 263946K [0x00000000a0000000, 0x00000000b2d80000, 0x00000000e0000000)
  object space 308736K, 85% used [0x00000000a0000000,0x00000000b01c2808,0x00000000b2d80000)
 Metaspace       used 106238K, capacity 131592K, committed 131672K, reserved 1159168K
  class space    used 14022K, capacity 21607K, committed 21632K, reserved 1048576K
}
Event: 71689.097 GC heap before
{Heap before GC invocations=226 (full 5):
 PSYoungGen      total 481792K, used 470600K [0x00000000e0000000, 0x00000000ffd80000, 0x0000000100000000)
  eden space 441856K, 100% used [0x00000000e0000000,0x00000000faf80000,0x00000000faf80000)
  from space 39936K, 71% used [0x00000000fd680000,0x00000000ff292368,0x00000000ffd80000)
  to   space 39936K, 0% used [0x00000000faf80000,0x00000000faf80000,0x00000000fd680000)
 ParOldGen       total 308736K, used 263946K [0x00000000a0000000, 0x00000000b2d80000, 0x00000000e0000000)
  object space 308736K, 85% used [0x00000000a0000000,0x00000000b01c2808,0x00000000b2d80000)
 Metaspace       used 106288K, capacity 131686K, committed 131928K, reserved 1159168K
  class space    used 14027K, capacity 21613K, committed 21632K, reserved 1048576K
Event: 71689.143 GC heap after
Heap after GC invocations=226 (full 5):
 PSYoungGen      total 481792K, used 39935K [0x00000000e0000000, 0x0000000100000000, 0x0000000100000000)
  eden space 441856K, 0% used [0x00000000e0000000,0x00000000e0000000,0x00000000faf80000)
  from space 39936K, 99% used [0x00000000faf80000,0x00000000fd67fc20,0x00000000fd680000)
  to   space 42496K, 0% used [0x00000000fd680000,0x00000000fd680000,0x0000000100000000)
 ParOldGen       total 308736K, used 275587K [0x00000000a0000000, 0x00000000b2d80000, 0x00000000e0000000)
  object space 308736K, 89% used [0x00000000a0000000,0x00000000b0d20d30,0x00000000b2d80000)
 Metaspace       used 106288K, capacity 131686K, committed 131928K, reserved 1159168K
  class space    used 14027K, capacity 21613K, committed 21632K, reserved 1048576K
}
Event: 71705.223 GC heap before
{Heap before GC invocations=227 (full 5):
 PSYoungGen      total 481792K, used 481791K [0x00000000e0000000, 0x0000000100000000, 0x0000000100000000)
  eden space 441856K, 100% used [0x00000000e0000000,0x00000000faf80000,0x00000000faf80000)
  from space 39936K, 99% used [0x00000000faf80000,0x00000000fd67fc20,0x00000000fd680000)
  to   space 42496K, 0% used [0x00000000fd680000,0x00000000fd680000,0x0000000100000000)
 ParOldGen       total 308736K, used 275587K [0x00000000a0000000, 0x00000000b2d80000, 0x00000000e0000000)
  object space 308736K, 89% used [0x00000000a0000000,0x00000000b0d20d30,0x00000000b2d80000)
 Metaspace       used 106428K, capacity 131938K, committed 132056K, reserved 1159168K
  class space    used 14050K, capacity 21675K, committed 21760K, reserved 1048576K
Event: 71705.263 GC heap after
Heap after GC invocations=227 (full 5):
 PSYoungGen      total 472576K, used 24201K [0x00000000e0000000, 0x0000000100000000, 0x0000000100000000)
  eden space 430080K, 0% used [0x00000000e0000000,0x00000000e0000000,0x00000000fa400000)
  from space 42496K, 56% used [0x00000000fd680000,0x00000000fee224a0,0x0000000100000000)
  to   space 47104K, 0% used [0x00000000fa400000,0x00000000fa400000,0x00000000fd200000)
 ParOldGen       total 308736K, used 294802K [0x00000000a0000000, 0x00000000b2d80000, 0x00000000e0000000)
  object space 308736K, 95% used [0x00000000a0000000,0x00000000b1fe4808,0x00000000b2d80000)
 Metaspace       used 106428K, capacity 131938K, committed 132056K, reserved 1159168K
  class space    used 14050K, capacity 21675K, committed 21760K, reserved 1048576K
}
Event: 71705.285 GC heap before
{Heap before GC invocations=228 (full 6):
 PSYoungGen      total 472576K, used 24201K [0x00000000e0000000, 0x0000000100000000, 0x0000000100000000)
  eden space 430080K, 0% used [0x00000000e0000000,0x00000000e0000000,0x00000000fa400000)
  from space 42496K, 56% used [0x00000000fd680000,0x00000000fee224a0,0x0000000100000000)
  to   space 47104K, 0% used [0x00000000fa400000,0x00000000fa400000,0x00000000fd200000)
 ParOldGen       total 308736K, used 294802K [0x00000000a0000000, 0x00000000b2d80000, 0x00000000e0000000)
  object space 308736K, 95% used [0x00000000a0000000,0x00000000b1fe4808,0x00000000b2d80000)
 Metaspace       used 106428K, capacity 131938K, committed 132056K, reserved 1159168K
  class space    used 14050K, capacity 21675K, committed 21760K, reserved 1048576K

